2020-09-23 13:41:00,835 1865 [main] INFO  com.iflytek.rcs.App - Starting App on xygao8 with PID 864 (D:\iflytek\svn\ZNFW_ICR_7.0\Branches\5gRCS_interface_20200921\source\RCS\target\classes started by xygao8 in D:\iflytek\svn\ZNFW_ICR_7.0\Branches\5gRCS_interface_20200921\source\RCS)
2020-09-23 13:41:00,840 1870 [main] INFO  com.iflytek.rcs.App - No active profile set, falling back to default profiles: default
2020-09-23 13:41:00,938 1968 [main] INFO  org.springframework.boot.web.servlet.context.AnnotationConfigServletWebServerApplicationContext - Refreshing org.springframework.boot.web.servlet.context.AnnotationConfigServletWebServerApplicationContext@18a136ac: startup date [Wed Sep 23 13:41:00 CST 2020]; root of context hierarchy
2020-09-23 13:41:02,160 3190 [main] INFO  org.springframework.data.repository.config.RepositoryConfigurationDelegate - Multiple Spring Data modules found, entering strict repository configuration mode!
2020-09-23 13:41:02,507 3537 [main] INFO  org.springframework.beans.factory.annotation.AutowiredAnnotationBeanPostProcessor - JSR-330 'javax.inject.Inject' annotation found and supported for autowiring
2020-09-23 13:41:03,071 4101 [main] INFO  org.springframework.boot.web.embedded.tomcat.TomcatWebServer - Tomcat initialized with port(s): 9998 (http)
2020-09-23 13:41:03,106 4136 [main] INFO  org.apache.catalina.core.StandardService - Starting service [Tomcat]
2020-09-23 13:41:03,106 4136 [main] INFO  org.apache.catalina.core.StandardEngine - Starting Servlet Engine: Apache Tomcat/8.5.28
2020-09-23 13:41:03,113 4143 [localhost-startStop-1] INFO  org.apache.catalina.core.AprLifecycleListener - The APR based Apache Tomcat Native library which allows optimal performance in production environments was not found on the java.library.path: [D:\Program Files\Java\jdk1.8.0_141\bin;C:\Windows\Sun\Java\bin;C:\Windows\system32;C:\Windows;D:\iflytek\NetSarang Computer\Xshell6\;C:\ProgramData\Oracle\Java\javapath;D:\iflytek\install\xftp6\;C:\Windows\system32;C:\Windows;C:\Windows\System32\Wbem;C:\Windows\System32\WindowsPowerShell\v1.0\;C:\Windows\System32\OpenSSH\;C:\Program Files\Pan Iflytek;D:\Program Files\TortoiseSVN\bin;D:\Program Files\nodejs\;D:\iflytek\install\strawberryPerl\c\bin;D:\iflytek\install\strawberryPerl\perl\site\bin;D:\iflytek\install\strawberryPerl\perl\bin;D:\iflytek\install\apache-maven-3.3.9-bin\apache-maven-3.3.9\bin;D:\Program Files\Git\cmd;C:\Users\xygao8\AppData\Local\Microsoft\WindowsApps;D:\Program Files\Java\jdk1.8.0_141\bin;D:\Program Files\Java\jdk1.8.0_141\jre\bin;C:\Users\xygao8\AppData\Roaming\npm;C:\Windows\System32\Wbem;.]
2020-09-23 13:41:03,386 4416 [localhost-startStop-1] INFO  org.apache.catalina.core.ContainerBase.[Tomcat].[localhost].[/] - Initializing Spring embedded WebApplicationContext
2020-09-23 13:41:03,386 4416 [localhost-startStop-1] INFO  org.springframework.web.context.ContextLoader - Root WebApplicationContext: initialization completed in 2448 ms
2020-09-23 13:41:03,624 4654 [localhost-startStop-1] INFO  org.springframework.boot.web.servlet.ServletRegistrationBean - Servlet dispatcherServlet mapped to [/]
2020-09-23 13:41:03,634 4664 [localhost-startStop-1] INFO  org.springframework.boot.web.servlet.FilterRegistrationBean - Mapping filter: 'characterEncodingFilter' to: [/*]
2020-09-23 13:41:03,634 4664 [localhost-startStop-1] INFO  org.springframework.boot.web.servlet.FilterRegistrationBean - Mapping filter: 'hiddenHttpMethodFilter' to: [/*]
2020-09-23 13:41:03,635 4665 [localhost-startStop-1] INFO  org.springframework.boot.web.servlet.FilterRegistrationBean - Mapping filter: 'httpPutFormContentFilter' to: [/*]
2020-09-23 13:41:03,635 4665 [localhost-startStop-1] INFO  org.springframework.boot.web.servlet.FilterRegistrationBean - Mapping filter: 'requestContextFilter' to: [/*]
2020-09-23 13:41:04,315 5345 [main] INFO  org.springframework.web.servlet.mvc.method.annotation.RequestMappingHandlerMapping - Mapped "{[/chatbot/test],methods=[POST],consumes=[application/json],produces=[application/json;charset=utf-8]}" onto public com.iflytek.rcs.pojo.standard.ResponseResult com.iflytek.rcs.controller.MessageOptController.test(com.iflytek.rcs.pojo.A2PMessagePojo) throws java.io.IOException
2020-09-23 13:41:04,316 5346 [main] INFO  org.springframework.web.servlet.mvc.method.annotation.RequestMappingHandlerMapping - Mapped "{[/chatbot/plainTextMessage],methods=[POST],consumes=[application/json],produces=[application/json;charset=utf-8]}" onto public com.iflytek.rcs.pojo.standard.ResponseResult com.iflytek.rcs.controller.MessageOptController.plainTextMessageSend(com.iflytek.rcs.pojo.A2PMessagePojo,javax.servlet.http.HttpServletRequest,javax.servlet.http.HttpServletResponse) throws java.lang.Exception
2020-09-23 13:41:04,317 5347 [main] INFO  org.springframework.web.servlet.mvc.method.annotation.RequestMappingHandlerMapping - Mapped "{[/v2/api-docs],methods=[GET],produces=[application/json || application/hal+json]}" onto public org.springframework.http.ResponseEntity<springfox.documentation.spring.web.json.Json> springfox.documentation.swagger2.web.Swagger2Controller.getDocumentation(java.lang.String,javax.servlet.http.HttpServletRequest)
2020-09-23 13:41:04,353 5383 [main] INFO  org.springframework.web.servlet.mvc.method.annotation.RequestMappingHandlerMapping - Mapped "{[/swagger-resources]}" onto org.springframework.http.ResponseEntity<java.util.List<springfox.documentation.swagger.web.SwaggerResource>> springfox.documentation.swagger.web.ApiResourceController.swaggerResources()
2020-09-23 13:41:04,354 5384 [main] INFO  org.springframework.web.servlet.mvc.method.annotation.RequestMappingHandlerMapping - Mapped "{[/swagger-resources/configuration/ui]}" onto org.springframework.http.ResponseEntity<springfox.documentation.swagger.web.UiConfiguration> springfox.documentation.swagger.web.ApiResourceController.uiConfiguration()
2020-09-23 13:41:04,355 5385 [main] INFO  org.springframework.web.servlet.mvc.method.annotation.RequestMappingHandlerMapping - Mapped "{[/swagger-resources/configuration/security]}" onto org.springframework.http.ResponseEntity<springfox.documentation.swagger.web.SecurityConfiguration> springfox.documentation.swagger.web.ApiResourceController.securityConfiguration()
2020-09-23 13:41:04,361 5391 [main] INFO  org.springframework.web.servlet.mvc.method.annotation.RequestMappingHandlerMapping - Mapped "{[/error]}" onto public org.springframework.http.ResponseEntity<java.util.Map<java.lang.String, java.lang.Object>> org.springframework.boot.autoconfigure.web.servlet.error.BasicErrorController.error(javax.servlet.http.HttpServletRequest)
2020-09-23 13:41:04,361 5391 [main] INFO  org.springframework.web.servlet.mvc.method.annotation.RequestMappingHandlerMapping - Mapped "{[/error],produces=[text/html]}" onto public org.springframework.web.servlet.ModelAndView org.springframework.boot.autoconfigure.web.servlet.error.BasicErrorController.errorHtml(javax.servlet.http.HttpServletRequest,javax.servlet.http.HttpServletResponse)
2020-09-23 13:41:05,301 6331 [main] INFO  org.springframework.web.servlet.mvc.method.annotation.RequestMappingHandlerAdapter - Looking for @ControllerAdvice: org.springframework.boot.web.servlet.context.AnnotationConfigServletWebServerApplicationContext@18a136ac: startup date [Wed Sep 23 13:41:00 CST 2020]; root of context hierarchy
2020-09-23 13:41:05,383 6413 [main] INFO  org.springframework.web.servlet.handler.SimpleUrlHandlerMapping - Mapped URL path [/webjars/**] onto handler of type [class org.springframework.web.servlet.resource.ResourceHttpRequestHandler]
2020-09-23 13:41:05,383 6413 [main] INFO  org.springframework.web.servlet.handler.SimpleUrlHandlerMapping - Mapped URL path [/**] onto handler of type [class org.springframework.web.servlet.resource.ResourceHttpRequestHandler]
2020-09-23 13:41:05,441 6471 [main] INFO  org.springframework.web.servlet.handler.SimpleUrlHandlerMapping - Mapped URL path [/**/favicon.ico] onto handler of type [class org.springframework.web.servlet.resource.ResourceHttpRequestHandler]
2020-09-23 13:41:06,028 7058 [main] INFO  org.springframework.jmx.export.annotation.AnnotationMBeanExporter - Registering beans for JMX exposure on startup
2020-09-23 13:41:06,042 7072 [main] INFO  org.springframework.context.support.DefaultLifecycleProcessor - Starting beans in phase 2147483647
2020-09-23 13:41:06,042 7072 [main] INFO  springfox.documentation.spring.web.plugins.DocumentationPluginsBootstrapper - Context refreshed
2020-09-23 13:41:06,070 7100 [main] INFO  springfox.documentation.spring.web.plugins.DocumentationPluginsBootstrapper - Found 1 custom documentation plugin(s)
2020-09-23 13:41:06,090 7120 [main] INFO  springfox.documentation.spring.web.scanners.ApiListingReferenceScanner - Scanning for api listing references
2020-09-23 13:41:06,326 7356 [main] INFO  org.springframework.boot.web.embedded.tomcat.TomcatWebServer - Tomcat started on port(s): 9998 (http) with context path ''
2020-09-23 13:41:06,330 7360 [main] INFO  com.iflytek.rcs.App - Started App in 6.314 seconds (JVM running for 8.996)
2020-09-23 14:11:56,903 1611 [main] INFO  com.iflytek.rcs.App - Starting App on xygao8 with PID 19228 (D:\iflytek\svn\ZNFW_ICR_7.0\Branches\5gRCS_interface_20200921\source\RCS\target\classes started by xygao8 in D:\iflytek\svn\ZNFW_ICR_7.0\Branches\5gRCS_interface_20200921\source\RCS)
2020-09-23 14:11:56,908 1616 [main] INFO  com.iflytek.rcs.App - No active profile set, falling back to default profiles: default
2020-09-23 14:11:56,993 1701 [main] INFO  org.springframework.boot.web.servlet.context.AnnotationConfigServletWebServerApplicationContext - Refreshing org.springframework.boot.web.servlet.context.AnnotationConfigServletWebServerApplicationContext@4b14918a: startup date [Wed Sep 23 14:11:56 CST 2020]; root of context hierarchy
2020-09-23 14:11:58,221 2929 [main] INFO  org.springframework.data.repository.config.RepositoryConfigurationDelegate - Multiple Spring Data modules found, entering strict repository configuration mode!
2020-09-23 14:11:58,555 3263 [main] INFO  org.springframework.beans.factory.annotation.AutowiredAnnotationBeanPostProcessor - JSR-330 'javax.inject.Inject' annotation found and supported for autowiring
2020-09-23 14:11:59,078 3786 [main] INFO  org.springframework.boot.web.embedded.tomcat.TomcatWebServer - Tomcat initialized with port(s): 9998 (http)
2020-09-23 14:11:59,107 3815 [main] INFO  org.apache.catalina.core.StandardService - Starting service [Tomcat]
2020-09-23 14:11:59,108 3816 [main] INFO  org.apache.catalina.core.StandardEngine - Starting Servlet Engine: Apache Tomcat/8.5.28
2020-09-23 14:11:59,113 3821 [localhost-startStop-1] INFO  org.apache.catalina.core.AprLifecycleListener - The APR based Apache Tomcat Native library which allows optimal performance in production environments was not found on the java.library.path: [D:\Program Files\Java\jdk1.8.0_141\bin;C:\Windows\Sun\Java\bin;C:\Windows\system32;C:\Windows;D:\iflytek\NetSarang Computer\Xshell6\;C:\ProgramData\Oracle\Java\javapath;D:\iflytek\install\xftp6\;C:\Windows\system32;C:\Windows;C:\Windows\System32\Wbem;C:\Windows\System32\WindowsPowerShell\v1.0\;C:\Windows\System32\OpenSSH\;C:\Program Files\Pan Iflytek;D:\Program Files\TortoiseSVN\bin;D:\Program Files\nodejs\;D:\iflytek\install\strawberryPerl\c\bin;D:\iflytek\install\strawberryPerl\perl\site\bin;D:\iflytek\install\strawberryPerl\perl\bin;D:\iflytek\install\apache-maven-3.3.9-bin\apache-maven-3.3.9\bin;D:\Program Files\Git\cmd;C:\Users\xygao8\AppData\Local\Microsoft\WindowsApps;D:\Program Files\Java\jdk1.8.0_141\bin;D:\Program Files\Java\jdk1.8.0_141\jre\bin;C:\Users\xygao8\AppData\Roaming\npm;C:\Windows\System32\Wbem;.]
2020-09-23 14:11:59,434 4142 [localhost-startStop-1] INFO  org.apache.catalina.core.ContainerBase.[Tomcat].[localhost].[/] - Initializing Spring embedded WebApplicationContext
2020-09-23 14:11:59,434 4142 [localhost-startStop-1] INFO  org.springframework.web.context.ContextLoader - Root WebApplicationContext: initialization completed in 2441 ms
2020-09-23 14:11:59,640 4348 [localhost-startStop-1] INFO  org.springframework.boot.web.servlet.ServletRegistrationBean - Servlet dispatcherServlet mapped to [/]
2020-09-23 14:11:59,648 4356 [localhost-startStop-1] INFO  org.springframework.boot.web.servlet.FilterRegistrationBean - Mapping filter: 'characterEncodingFilter' to: [/*]
2020-09-23 14:11:59,648 4356 [localhost-startStop-1] INFO  org.springframework.boot.web.servlet.FilterRegistrationBean - Mapping filter: 'hiddenHttpMethodFilter' to: [/*]
2020-09-23 14:11:59,648 4356 [localhost-startStop-1] INFO  org.springframework.boot.web.servlet.FilterRegistrationBean - Mapping filter: 'httpPutFormContentFilter' to: [/*]
2020-09-23 14:11:59,648 4356 [localhost-startStop-1] INFO  org.springframework.boot.web.servlet.FilterRegistrationBean - Mapping filter: 'requestContextFilter' to: [/*]
2020-09-23 14:12:00,354 5062 [main] INFO  org.springframework.web.servlet.mvc.method.annotation.RequestMappingHandlerMapping - Mapped "{[/chatbot/test],methods=[POST],consumes=[application/json],produces=[application/json;charset=utf-8]}" onto public com.iflytek.rcs.pojo.standard.ResponseResult com.iflytek.rcs.controller.MessageOptController.test(com.iflytek.rcs.pojo.A2PMessagePojo) throws java.io.IOException
2020-09-23 14:12:00,355 5063 [main] INFO  org.springframework.web.servlet.mvc.method.annotation.RequestMappingHandlerMapping - Mapped "{[/chatbot/plainTextMessage],methods=[POST],consumes=[application/json],produces=[application/json;charset=utf-8]}" onto public com.iflytek.rcs.pojo.standard.ResponseResult com.iflytek.rcs.controller.MessageOptController.plainTextMessageSend(com.iflytek.rcs.pojo.A2PMessagePojo,javax.servlet.http.HttpServletRequest,javax.servlet.http.HttpServletResponse) throws java.lang.Exception
2020-09-23 14:12:00,356 5064 [main] INFO  org.springframework.web.servlet.mvc.method.annotation.RequestMappingHandlerMapping - Mapped "{[/v2/api-docs],methods=[GET],produces=[application/json || application/hal+json]}" onto public org.springframework.http.ResponseEntity<springfox.documentation.spring.web.json.Json> springfox.documentation.swagger2.web.Swagger2Controller.getDocumentation(java.lang.String,javax.servlet.http.HttpServletRequest)
2020-09-23 14:12:00,360 5068 [main] INFO  org.springframework.web.servlet.mvc.method.annotation.RequestMappingHandlerMapping - Mapped "{[/swagger-resources/configuration/security]}" onto org.springframework.http.ResponseEntity<springfox.documentation.swagger.web.SecurityConfiguration> springfox.documentation.swagger.web.ApiResourceController.securityConfiguration()
2020-09-23 14:12:00,361 5069 [main] INFO  org.springframework.web.servlet.mvc.method.annotation.RequestMappingHandlerMapping - Mapped "{[/swagger-resources]}" onto org.springframework.http.ResponseEntity<java.util.List<springfox.documentation.swagger.web.SwaggerResource>> springfox.documentation.swagger.web.ApiResourceController.swaggerResources()
2020-09-23 14:12:00,362 5070 [main] INFO  org.springframework.web.servlet.mvc.method.annotation.RequestMappingHandlerMapping - Mapped "{[/swagger-resources/configuration/ui]}" onto org.springframework.http.ResponseEntity<springfox.documentation.swagger.web.UiConfiguration> springfox.documentation.swagger.web.ApiResourceController.uiConfiguration()
2020-09-23 14:12:00,368 5076 [main] INFO  org.springframework.web.servlet.mvc.method.annotation.RequestMappingHandlerMapping - Mapped "{[/error]}" onto public org.springframework.http.ResponseEntity<java.util.Map<java.lang.String, java.lang.Object>> org.springframework.boot.autoconfigure.web.servlet.error.BasicErrorController.error(javax.servlet.http.HttpServletRequest)
2020-09-23 14:12:00,368 5076 [main] INFO  org.springframework.web.servlet.mvc.method.annotation.RequestMappingHandlerMapping - Mapped "{[/error],produces=[text/html]}" onto public org.springframework.web.servlet.ModelAndView org.springframework.boot.autoconfigure.web.servlet.error.BasicErrorController.errorHtml(javax.servlet.http.HttpServletRequest,javax.servlet.http.HttpServletResponse)
2020-09-23 14:12:01,324 6032 [main] INFO  org.springframework.web.servlet.mvc.method.annotation.RequestMappingHandlerAdapter - Looking for @ControllerAdvice: org.springframework.boot.web.servlet.context.AnnotationConfigServletWebServerApplicationContext@4b14918a: startup date [Wed Sep 23 14:11:56 CST 2020]; root of context hierarchy
2020-09-23 14:12:01,405 6113 [main] INFO  org.springframework.web.servlet.handler.SimpleUrlHandlerMapping - Mapped URL path [/webjars/**] onto handler of type [class org.springframework.web.servlet.resource.ResourceHttpRequestHandler]
2020-09-23 14:12:01,406 6114 [main] INFO  org.springframework.web.servlet.handler.SimpleUrlHandlerMapping - Mapped URL path [/**] onto handler of type [class org.springframework.web.servlet.resource.ResourceHttpRequestHandler]
2020-09-23 14:12:01,462 6170 [main] INFO  org.springframework.web.servlet.handler.SimpleUrlHandlerMapping - Mapped URL path [/**/favicon.ico] onto handler of type [class org.springframework.web.servlet.resource.ResourceHttpRequestHandler]
2020-09-23 14:12:02,043 6751 [main] INFO  org.springframework.jmx.export.annotation.AnnotationMBeanExporter - Registering beans for JMX exposure on startup
2020-09-23 14:12:02,056 6764 [main] INFO  org.springframework.context.support.DefaultLifecycleProcessor - Starting beans in phase 2147483647
2020-09-23 14:12:02,057 6765 [main] INFO  springfox.documentation.spring.web.plugins.DocumentationPluginsBootstrapper - Context refreshed
2020-09-23 14:12:02,082 6790 [main] INFO  springfox.documentation.spring.web.plugins.DocumentationPluginsBootstrapper - Found 1 custom documentation plugin(s)
2020-09-23 14:12:02,102 6810 [main] INFO  springfox.documentation.spring.web.scanners.ApiListingReferenceScanner - Scanning for api listing references
2020-09-23 14:12:02,388 7096 [main] INFO  org.springframework.boot.web.embedded.tomcat.TomcatWebServer - Tomcat started on port(s): 9998 (http) with context path ''
2020-09-23 14:12:02,394 7102 [main] INFO  com.iflytek.rcs.App - Started App in 6.147 seconds (JVM running for 11.143)
2020-09-23 14:17:38,970 343678 [http-nio-9998-exec-1] INFO  org.apache.catalina.core.ContainerBase.[Tomcat].[localhost].[/] - Initializing Spring FrameworkServlet 'dispatcherServlet'
2020-09-23 14:17:38,970 343678 [http-nio-9998-exec-1] INFO  org.springframework.web.servlet.DispatcherServlet - FrameworkServlet 'dispatcherServlet': initialization started
2020-09-23 14:17:39,000 343708 [http-nio-9998-exec-1] INFO  org.springframework.web.servlet.DispatcherServlet - FrameworkServlet 'dispatcherServlet': initialization completed in 30 ms
2020-09-23 14:17:39,072 343780 [http-nio-9998-exec-1] INFO  com.iflytek.rcs.controller.MessageOptController - 收到请求参数:{textMessage='科大讯飞欢迎您', desPhoneNbr='13965057667'}
2020-09-23 14:19:10,925 1333 [main] INFO  com.iflytek.rcs.App - Starting App on xygao8 with PID 27832 (D:\iflytek\svn\ZNFW_ICR_7.0\Branches\5gRCS_interface_20200921\source\RCS\target\classes started by xygao8 in D:\iflytek\svn\ZNFW_ICR_7.0\Branches\5gRCS_interface_20200921\source\RCS)
2020-09-23 14:19:10,933 1341 [main] INFO  com.iflytek.rcs.App - No active profile set, falling back to default profiles: default
2020-09-23 14:19:11,008 1416 [main] INFO  org.springframework.boot.web.servlet.context.AnnotationConfigServletWebServerApplicationContext - Refreshing org.springframework.boot.web.servlet.context.AnnotationConfigServletWebServerApplicationContext@49cb9cb5: startup date [Wed Sep 23 14:19:11 CST 2020]; root of context hierarchy
2020-09-23 14:19:12,270 2678 [main] INFO  org.springframework.data.repository.config.RepositoryConfigurationDelegate - Multiple Spring Data modules found, entering strict repository configuration mode!
2020-09-23 14:19:12,664 3072 [main] INFO  org.springframework.beans.factory.annotation.AutowiredAnnotationBeanPostProcessor - JSR-330 'javax.inject.Inject' annotation found and supported for autowiring
2020-09-23 14:19:13,184 3592 [main] INFO  org.springframework.boot.web.embedded.tomcat.TomcatWebServer - Tomcat initialized with port(s): 9998 (http)
2020-09-23 14:19:13,211 3619 [main] INFO  org.apache.catalina.core.StandardService - Starting service [Tomcat]
2020-09-23 14:19:13,212 3620 [main] INFO  org.apache.catalina.core.StandardEngine - Starting Servlet Engine: Apache Tomcat/8.5.28
2020-09-23 14:19:13,218 3626 [localhost-startStop-1] INFO  org.apache.catalina.core.AprLifecycleListener - The APR based Apache Tomcat Native library which allows optimal performance in production environments was not found on the java.library.path: [D:\Program Files\Java\jdk1.8.0_141\bin;C:\Windows\Sun\Java\bin;C:\Windows\system32;C:\Windows;D:\iflytek\NetSarang Computer\Xshell6\;C:\ProgramData\Oracle\Java\javapath;D:\iflytek\install\xftp6\;C:\Windows\system32;C:\Windows;C:\Windows\System32\Wbem;C:\Windows\System32\WindowsPowerShell\v1.0\;C:\Windows\System32\OpenSSH\;C:\Program Files\Pan Iflytek;D:\Program Files\TortoiseSVN\bin;D:\Program Files\nodejs\;D:\iflytek\install\strawberryPerl\c\bin;D:\iflytek\install\strawberryPerl\perl\site\bin;D:\iflytek\install\strawberryPerl\perl\bin;D:\iflytek\install\apache-maven-3.3.9-bin\apache-maven-3.3.9\bin;D:\Program Files\Git\cmd;C:\Users\xygao8\AppData\Local\Microsoft\WindowsApps;D:\Program Files\Java\jdk1.8.0_141\bin;D:\Program Files\Java\jdk1.8.0_141\jre\bin;C:\Users\xygao8\AppData\Roaming\npm;C:\Windows\System32\Wbem;.]
2020-09-23 14:19:13,435 3843 [localhost-startStop-1] INFO  org.apache.catalina.core.ContainerBase.[Tomcat].[localhost].[/] - Initializing Spring embedded WebApplicationContext
2020-09-23 14:19:13,435 3843 [localhost-startStop-1] INFO  org.springframework.web.context.ContextLoader - Root WebApplicationContext: initialization completed in 2427 ms
2020-09-23 14:19:13,633 4041 [localhost-startStop-1] INFO  org.springframework.boot.web.servlet.ServletRegistrationBean - Servlet dispatcherServlet mapped to [/]
2020-09-23 14:19:13,639 4047 [localhost-startStop-1] INFO  org.springframework.boot.web.servlet.FilterRegistrationBean - Mapping filter: 'characterEncodingFilter' to: [/*]
2020-09-23 14:19:13,640 4048 [localhost-startStop-1] INFO  org.springframework.boot.web.servlet.FilterRegistrationBean - Mapping filter: 'hiddenHttpMethodFilter' to: [/*]
2020-09-23 14:19:13,640 4048 [localhost-startStop-1] INFO  org.springframework.boot.web.servlet.FilterRegistrationBean - Mapping filter: 'httpPutFormContentFilter' to: [/*]
2020-09-23 14:19:13,640 4048 [localhost-startStop-1] INFO  org.springframework.boot.web.servlet.FilterRegistrationBean - Mapping filter: 'requestContextFilter' to: [/*]
2020-09-23 14:19:14,189 4597 [main] INFO  org.springframework.web.servlet.mvc.method.annotation.RequestMappingHandlerMapping - Mapped "{[/chatbot/test],methods=[POST],consumes=[application/json],produces=[application/json;charset=utf-8]}" onto public com.iflytek.rcs.pojo.standard.ResponseResult com.iflytek.rcs.controller.MessageOptController.test(com.iflytek.rcs.pojo.A2PMessagePojo) throws java.io.IOException
2020-09-23 14:19:14,190 4598 [main] INFO  org.springframework.web.servlet.mvc.method.annotation.RequestMappingHandlerMapping - Mapped "{[/chatbot/plainTextMessage],methods=[POST],consumes=[application/json],produces=[application/json;charset=utf-8]}" onto public com.iflytek.rcs.pojo.standard.ResponseResult com.iflytek.rcs.controller.MessageOptController.plainTextMessageSend(com.iflytek.rcs.pojo.A2PMessagePojo,javax.servlet.http.HttpServletRequest,javax.servlet.http.HttpServletResponse) throws java.lang.Exception
2020-09-23 14:19:14,191 4599 [main] INFO  org.springframework.web.servlet.mvc.method.annotation.RequestMappingHandlerMapping - Mapped "{[/v2/api-docs],methods=[GET],produces=[application/json || application/hal+json]}" onto public org.springframework.http.ResponseEntity<springfox.documentation.spring.web.json.Json> springfox.documentation.swagger2.web.Swagger2Controller.getDocumentation(java.lang.String,javax.servlet.http.HttpServletRequest)
2020-09-23 14:19:14,195 4603 [main] INFO  org.springframework.web.servlet.mvc.method.annotation.RequestMappingHandlerMapping - Mapped "{[/swagger-resources/configuration/ui]}" onto org.springframework.http.ResponseEntity<springfox.documentation.swagger.web.UiConfiguration> springfox.documentation.swagger.web.ApiResourceController.uiConfiguration()
2020-09-23 14:19:14,196 4604 [main] INFO  org.springframework.web.servlet.mvc.method.annotation.RequestMappingHandlerMapping - Mapped "{[/swagger-resources]}" onto org.springframework.http.ResponseEntity<java.util.List<springfox.documentation.swagger.web.SwaggerResource>> springfox.documentation.swagger.web.ApiResourceController.swaggerResources()
2020-09-23 14:19:14,196 4604 [main] INFO  org.springframework.web.servlet.mvc.method.annotation.RequestMappingHandlerMapping - Mapped "{[/swagger-resources/configuration/security]}" onto org.springframework.http.ResponseEntity<springfox.documentation.swagger.web.SecurityConfiguration> springfox.documentation.swagger.web.ApiResourceController.securityConfiguration()
2020-09-23 14:19:14,202 4610 [main] INFO  org.springframework.web.servlet.mvc.method.annotation.RequestMappingHandlerMapping - Mapped "{[/error]}" onto public org.springframework.http.ResponseEntity<java.util.Map<java.lang.String, java.lang.Object>> org.springframework.boot.autoconfigure.web.servlet.error.BasicErrorController.error(javax.servlet.http.HttpServletRequest)
2020-09-23 14:19:14,203 4611 [main] INFO  org.springframework.web.servlet.mvc.method.annotation.RequestMappingHandlerMapping - Mapped "{[/error],produces=[text/html]}" onto public org.springframework.web.servlet.ModelAndView org.springframework.boot.autoconfigure.web.servlet.error.BasicErrorController.errorHtml(javax.servlet.http.HttpServletRequest,javax.servlet.http.HttpServletResponse)
2020-09-23 14:19:15,025 5433 [main] INFO  org.springframework.web.servlet.mvc.method.annotation.RequestMappingHandlerAdapter - Looking for @ControllerAdvice: org.springframework.boot.web.servlet.context.AnnotationConfigServletWebServerApplicationContext@49cb9cb5: startup date [Wed Sep 23 14:19:11 CST 2020]; root of context hierarchy
2020-09-23 14:19:15,101 5509 [main] INFO  org.springframework.web.servlet.handler.SimpleUrlHandlerMapping - Mapped URL path [/webjars/**] onto handler of type [class org.springframework.web.servlet.resource.ResourceHttpRequestHandler]
2020-09-23 14:19:15,102 5510 [main] INFO  org.springframework.web.servlet.handler.SimpleUrlHandlerMapping - Mapped URL path [/**] onto handler of type [class org.springframework.web.servlet.resource.ResourceHttpRequestHandler]
2020-09-23 14:19:15,161 5569 [main] INFO  org.springframework.web.servlet.handler.SimpleUrlHandlerMapping - Mapped URL path [/**/favicon.ico] onto handler of type [class org.springframework.web.servlet.resource.ResourceHttpRequestHandler]
2020-09-23 14:19:15,773 6181 [main] INFO  org.springframework.jmx.export.annotation.AnnotationMBeanExporter - Registering beans for JMX exposure on startup
2020-09-23 14:19:15,785 6193 [main] INFO  org.springframework.context.support.DefaultLifecycleProcessor - Starting beans in phase 2147483647
2020-09-23 14:19:15,786 6194 [main] INFO  springfox.documentation.spring.web.plugins.DocumentationPluginsBootstrapper - Context refreshed
2020-09-23 14:19:15,807 6215 [main] INFO  springfox.documentation.spring.web.plugins.DocumentationPluginsBootstrapper - Found 1 custom documentation plugin(s)
2020-09-23 14:19:15,827 6235 [main] INFO  springfox.documentation.spring.web.scanners.ApiListingReferenceScanner - Scanning for api listing references
2020-09-23 14:19:16,037 6445 [main] INFO  org.springframework.boot.web.embedded.tomcat.TomcatWebServer - Tomcat started on port(s): 9998 (http) with context path ''
2020-09-23 14:19:16,042 6450 [main] INFO  com.iflytek.rcs.App - Started App in 5.804 seconds (JVM running for 7.901)
2020-09-23 14:19:21,909 12317 [http-nio-9998-exec-2] INFO  org.apache.catalina.core.ContainerBase.[Tomcat].[localhost].[/] - Initializing Spring FrameworkServlet 'dispatcherServlet'
2020-09-23 14:19:21,909 12317 [http-nio-9998-exec-2] INFO  org.springframework.web.servlet.DispatcherServlet - FrameworkServlet 'dispatcherServlet': initialization started
2020-09-23 14:19:21,938 12346 [http-nio-9998-exec-2] INFO  org.springframework.web.servlet.DispatcherServlet - FrameworkServlet 'dispatcherServlet': initialization completed in 29 ms
2020-09-23 14:19:22,007 12415 [http-nio-9998-exec-2] INFO  com.iflytek.rcs.controller.MessageOptController - 收到请求参数:{textMessage='科大讯飞欢迎您', desPhoneNbr='13965057667'}
2020-09-23 14:30:18,070 668478 [http-nio-9998-exec-5] INFO  com.iflytek.rcs.controller.MessageOptController - 收到请求参数:{textMessage='科大讯飞欢迎您', desPhoneNbr='13965057667'}
2020-09-23 14:54:12,685 1342 [main] INFO  com.iflytek.rcs.App - Starting App on xygao8 with PID 9372 (D:\iflytek\svn\ZNFW_ICR_7.0\Branches\5gRCS_interface_20200921\source\RCS\target\classes started by xygao8 in D:\iflytek\svn\ZNFW_ICR_7.0\Branches\5gRCS_interface_20200921\source\RCS)
2020-09-23 14:54:12,690 1347 [main] INFO  com.iflytek.rcs.App - No active profile set, falling back to default profiles: default
2020-09-23 14:54:12,762 1419 [main] INFO  org.springframework.boot.web.servlet.context.AnnotationConfigServletWebServerApplicationContext - Refreshing org.springframework.boot.web.servlet.context.AnnotationConfigServletWebServerApplicationContext@5f0e9815: startup date [Wed Sep 23 14:54:12 CST 2020]; root of context hierarchy
2020-09-23 14:54:13,817 2474 [main] INFO  org.springframework.data.repository.config.RepositoryConfigurationDelegate - Multiple Spring Data modules found, entering strict repository configuration mode!
2020-09-23 14:54:14,114 2771 [main] INFO  org.springframework.beans.factory.annotation.AutowiredAnnotationBeanPostProcessor - JSR-330 'javax.inject.Inject' annotation found and supported for autowiring
2020-09-23 14:54:14,576 3233 [main] INFO  org.springframework.boot.web.embedded.tomcat.TomcatWebServer - Tomcat initialized with port(s): 9998 (http)
2020-09-23 14:54:14,604 3261 [main] INFO  org.apache.catalina.core.StandardService - Starting service [Tomcat]
2020-09-23 14:54:14,604 3261 [main] INFO  org.apache.catalina.core.StandardEngine - Starting Servlet Engine: Apache Tomcat/8.5.28
2020-09-23 14:54:14,610 3267 [localhost-startStop-1] INFO  org.apache.catalina.core.AprLifecycleListener - The APR based Apache Tomcat Native library which allows optimal performance in production environments was not found on the java.library.path: [D:\Program Files\Java\jdk1.8.0_141\bin;C:\Windows\Sun\Java\bin;C:\Windows\system32;C:\Windows;D:\iflytek\NetSarang Computer\Xshell6\;C:\ProgramData\Oracle\Java\javapath;D:\iflytek\install\xftp6\;C:\Windows\system32;C:\Windows;C:\Windows\System32\Wbem;C:\Windows\System32\WindowsPowerShell\v1.0\;C:\Windows\System32\OpenSSH\;C:\Program Files\Pan Iflytek;D:\Program Files\TortoiseSVN\bin;D:\Program Files\nodejs\;D:\iflytek\install\strawberryPerl\c\bin;D:\iflytek\install\strawberryPerl\perl\site\bin;D:\iflytek\install\strawberryPerl\perl\bin;D:\iflytek\install\apache-maven-3.3.9-bin\apache-maven-3.3.9\bin;D:\Program Files\Git\cmd;C:\Users\xygao8\AppData\Local\Microsoft\WindowsApps;D:\Program Files\Java\jdk1.8.0_141\bin;D:\Program Files\Java\jdk1.8.0_141\jre\bin;C:\Users\xygao8\AppData\Roaming\npm;C:\Windows\System32\Wbem;.]
2020-09-23 14:54:14,847 3504 [localhost-startStop-1] INFO  org.apache.catalina.core.ContainerBase.[Tomcat].[localhost].[/] - Initializing Spring embedded WebApplicationContext
2020-09-23 14:54:14,848 3505 [localhost-startStop-1] INFO  org.springframework.web.context.ContextLoader - Root WebApplicationContext: initialization completed in 2086 ms
2020-09-23 14:54:15,030 3687 [localhost-startStop-1] INFO  org.springframework.boot.web.servlet.ServletRegistrationBean - Servlet dispatcherServlet mapped to [/]
2020-09-23 14:54:15,037 3694 [localhost-startStop-1] INFO  org.springframework.boot.web.servlet.FilterRegistrationBean - Mapping filter: 'characterEncodingFilter' to: [/*]
2020-09-23 14:54:15,037 3694 [localhost-startStop-1] INFO  org.springframework.boot.web.servlet.FilterRegistrationBean - Mapping filter: 'hiddenHttpMethodFilter' to: [/*]
2020-09-23 14:54:15,037 3694 [localhost-startStop-1] INFO  org.springframework.boot.web.servlet.FilterRegistrationBean - Mapping filter: 'httpPutFormContentFilter' to: [/*]
2020-09-23 14:54:15,037 3694 [localhost-startStop-1] INFO  org.springframework.boot.web.servlet.FilterRegistrationBean - Mapping filter: 'requestContextFilter' to: [/*]
2020-09-23 14:54:15,602 4259 [main] INFO  org.springframework.web.servlet.mvc.method.annotation.RequestMappingHandlerMapping - Mapped "{[/chatbot/test],methods=[POST],consumes=[application/json],produces=[application/json;charset=utf-8]}" onto public com.iflytek.rcs.pojo.standard.ResponseResult com.iflytek.rcs.controller.MessageOptController.test(com.iflytek.rcs.pojo.A2PMessagePojo) throws java.io.IOException
2020-09-23 14:54:15,604 4261 [main] INFO  org.springframework.web.servlet.mvc.method.annotation.RequestMappingHandlerMapping - Mapped "{[/chatbot/plainTextMessage],methods=[POST],consumes=[application/json],produces=[application/json;charset=utf-8]}" onto public com.iflytek.rcs.pojo.standard.ResponseResult com.iflytek.rcs.controller.MessageOptController.plainTextMessageSend(com.iflytek.rcs.pojo.A2PMessagePojo,javax.servlet.http.HttpServletRequest,javax.servlet.http.HttpServletResponse) throws java.lang.Exception
2020-09-23 14:54:15,605 4262 [main] INFO  org.springframework.web.servlet.mvc.method.annotation.RequestMappingHandlerMapping - Mapped "{[/v2/api-docs],methods=[GET],produces=[application/json || application/hal+json]}" onto public org.springframework.http.ResponseEntity<springfox.documentation.spring.web.json.Json> springfox.documentation.swagger2.web.Swagger2Controller.getDocumentation(java.lang.String,javax.servlet.http.HttpServletRequest)
2020-09-23 14:54:15,610 4267 [main] INFO  org.springframework.web.servlet.mvc.method.annotation.RequestMappingHandlerMapping - Mapped "{[/swagger-resources/configuration/security]}" onto org.springframework.http.ResponseEntity<springfox.documentation.swagger.web.SecurityConfiguration> springfox.documentation.swagger.web.ApiResourceController.securityConfiguration()
2020-09-23 14:54:15,611 4268 [main] INFO  org.springframework.web.servlet.mvc.method.annotation.RequestMappingHandlerMapping - Mapped "{[/swagger-resources]}" onto org.springframework.http.ResponseEntity<java.util.List<springfox.documentation.swagger.web.SwaggerResource>> springfox.documentation.swagger.web.ApiResourceController.swaggerResources()
2020-09-23 14:54:15,612 4269 [main] INFO  org.springframework.web.servlet.mvc.method.annotation.RequestMappingHandlerMapping - Mapped "{[/swagger-resources/configuration/ui]}" onto org.springframework.http.ResponseEntity<springfox.documentation.swagger.web.UiConfiguration> springfox.documentation.swagger.web.ApiResourceController.uiConfiguration()
2020-09-23 14:54:15,640 4297 [main] INFO  org.springframework.web.servlet.mvc.method.annotation.RequestMappingHandlerMapping - Mapped "{[/error]}" onto public org.springframework.http.ResponseEntity<java.util.Map<java.lang.String, java.lang.Object>> org.springframework.boot.autoconfigure.web.servlet.error.BasicErrorController.error(javax.servlet.http.HttpServletRequest)
2020-09-23 14:54:15,640 4297 [main] INFO  org.springframework.web.servlet.mvc.method.annotation.RequestMappingHandlerMapping - Mapped "{[/error],produces=[text/html]}" onto public org.springframework.web.servlet.ModelAndView org.springframework.boot.autoconfigure.web.servlet.error.BasicErrorController.errorHtml(javax.servlet.http.HttpServletRequest,javax.servlet.http.HttpServletResponse)
2020-09-23 14:54:16,628 5285 [main] INFO  org.springframework.web.servlet.mvc.method.annotation.RequestMappingHandlerAdapter - Looking for @ControllerAdvice: org.springframework.boot.web.servlet.context.AnnotationConfigServletWebServerApplicationContext@5f0e9815: startup date [Wed Sep 23 14:54:12 CST 2020]; root of context hierarchy
2020-09-23 14:54:16,731 5388 [main] INFO  org.springframework.web.servlet.handler.SimpleUrlHandlerMapping - Mapped URL path [/webjars/**] onto handler of type [class org.springframework.web.servlet.resource.ResourceHttpRequestHandler]
2020-09-23 14:54:16,732 5389 [main] INFO  org.springframework.web.servlet.handler.SimpleUrlHandlerMapping - Mapped URL path [/**] onto handler of type [class org.springframework.web.servlet.resource.ResourceHttpRequestHandler]
2020-09-23 14:54:16,810 5467 [main] INFO  org.springframework.web.servlet.handler.SimpleUrlHandlerMapping - Mapped URL path [/**/favicon.ico] onto handler of type [class org.springframework.web.servlet.resource.ResourceHttpRequestHandler]
2020-09-23 14:54:17,402 6059 [main] INFO  org.springframework.jmx.export.annotation.AnnotationMBeanExporter - Registering beans for JMX exposure on startup
2020-09-23 14:54:17,415 6072 [main] INFO  org.springframework.context.support.DefaultLifecycleProcessor - Starting beans in phase 2147483647
2020-09-23 14:54:17,415 6072 [main] INFO  springfox.documentation.spring.web.plugins.DocumentationPluginsBootstrapper - Context refreshed
2020-09-23 14:54:17,443 6100 [main] INFO  springfox.documentation.spring.web.plugins.DocumentationPluginsBootstrapper - Found 1 custom documentation plugin(s)
2020-09-23 14:54:17,463 6120 [main] INFO  springfox.documentation.spring.web.scanners.ApiListingReferenceScanner - Scanning for api listing references
2020-09-23 14:54:17,727 6384 [main] INFO  org.springframework.boot.web.embedded.tomcat.TomcatWebServer - Tomcat started on port(s): 9998 (http) with context path ''
2020-09-23 14:54:17,733 6390 [main] INFO  com.iflytek.rcs.App - Started App in 5.632 seconds (JVM running for 8.317)
2020-09-23 14:54:33,863 22520 [http-nio-9998-exec-1] INFO  org.apache.catalina.core.ContainerBase.[Tomcat].[localhost].[/] - Initializing Spring FrameworkServlet 'dispatcherServlet'
2020-09-23 14:54:33,863 22520 [http-nio-9998-exec-1] INFO  org.springframework.web.servlet.DispatcherServlet - FrameworkServlet 'dispatcherServlet': initialization started
2020-09-23 14:54:33,897 22554 [http-nio-9998-exec-1] INFO  org.springframework.web.servlet.DispatcherServlet - FrameworkServlet 'dispatcherServlet': initialization completed in 34 ms
2020-09-23 14:54:33,973 22630 [http-nio-9998-exec-1] INFO  com.iflytek.rcs.controller.MessageOptController - 收到请求参数:{textMessage='科大讯飞欢迎您', desPhoneNbr='13965057667'}
